-------------------------------------------------------------------------------
Test set: TestNGTest
-------------------------------------------------------------------------------
Tests run: 2, Failures: 1, Errors: 0, Skipped: 0, Time elapsed: 1.011 sec <<< FAILURE!
test1(TestNGTest)  Time elapsed: 0.033 sec  <<< FAILURE!
java.lang.AssertionError: expected [0] but found [1]
	at org.testng.Assert.fail(Assert.java:110)
	at org.testng.Assert.failNotEquals(Assert.java:1413)
	at org.testng.Assert.assertEqualsImpl(Assert.java:149)
	at org.testng.Assert.assertEquals(Assert.java:131)
	at org.testng.Assert.assertEquals(Assert.java:1240)
	at org.testng.Assert.assertEquals(Assert.java:1274)
	at TestNGTest.test1(TestNGTest.java:15)

